<?xml version="1.0"?>
<!DOCTYPE coverage SYSTEM "https://raw.githubusercontent.com/cobertura/cobertura/master/cobertura/src/site/htdocs/xml/coverage-04.dtd">
<coverage 
line-rate="0.91" lines-covered="66" lines-valid="60" branches-covered="0" branches-valid="0" branch-rate="1.00" complexity="0" version="1.0" timestamp="1457907535612">
    <sources>
        <source>--source</source>
        <source>/project-root/src/main/scala</source>
    </sources>
    <packages>
        <package name="com.chrisdostert.shorturlsvcsdk" line-rate="1.00" branch-rate="1.00" complexity="0">
            <classes>
                <class 
                name="CompositionRoot" filename="com/chrisdostert/shorturlsvcsdk/CompositionRoot.scala" line-rate="1.00" branch-rate="1.00" complexity="0">
                    <methods>
                        <method 
                        name="com.chrisdostert.shorturlsvcsdk/CompositionRoot/&lt;none&gt;" signature="()V" line-rate="1.00" branch-rate="1.00">
                            <lines>
                                <line number="43" hits="1" branch="false"/>
                                <line number="26" hits="1" branch="false"/>
                                <line number="25" hits="1" branch="false"/>
                                <line number="20" hits="1" branch="false"/>
                                <line number="20" hits="1" branch="false"/>
                                <line number="30" hits="1" branch="false"/>
                                <line number="20" hits="1" branch="false"/>
                                <line number="25" hits="1" branch="false"/>
                                <line number="34" hits="1" branch="false"/>
                                <line number="25" hits="1" branch="false"/>
                                <line number="25" hits="1" branch="false"/>
                                <line number="18" hits="1" branch="false"/>
                                <line number="27" hits="1" branch="false"/>
                                <line number="41" hits="1" branch="false"/>
                                <line number="25" hits="1" branch="false"/>
                                <line number="20" hits="1" branch="false"/>
                                <line number="36" hits="1" branch="false"/>
                                <line number="25" hits="1" branch="false"/>
                            </lines>
</method>
                    </methods>
                    <lines>
                        <line number="43" hits="1" branch="false"/>
                        <line number="26" hits="1" branch="false"/>
                        <line number="25" hits="1" branch="false"/>
                        <line number="20" hits="1" branch="false"/>
                        <line number="20" hits="1" branch="false"/>
                        <line number="30" hits="1" branch="false"/>
                        <line number="20" hits="1" branch="false"/>
                        <line number="25" hits="1" branch="false"/>
                        <line number="34" hits="1" branch="false"/>
                        <line number="25" hits="1" branch="false"/>
                        <line number="25" hits="1" branch="false"/>
                        <line number="18" hits="1" branch="false"/>
                        <line number="27" hits="1" branch="false"/>
                        <line number="41" hits="1" branch="false"/>
                        <line number="25" hits="1" branch="false"/>
                        <line number="20" hits="1" branch="false"/>
                        <line number="36" hits="1" branch="false"/>
                        <line number="25" hits="1" branch="false"/>
                    </lines>
</class>
                <class 
                name="ShortUrlSvcSdk" filename="com/chrisdostert/shorturlsvcsdk/ShortUrlSvcSdk.scala" line-rate="1.00" branch-rate="1.00" complexity="0">
                    <methods>
                        <method 
                        name="com.chrisdostert.shorturlsvcsdk/ShortUrlSvcSdk/createShortUrl" signature="()V" line-rate="1.00" branch-rate="1.00">
                            <lines>
                                <line number="16" hits="1" branch="false"/>
                            </lines>
</method>
                        <method 
                        name="com.chrisdostert.shorturlsvcsdk/ShortUrlSvcSdk/apply" signature="()V" line-rate="1.00" branch-rate="1.00">
                            <lines>
                                <line number="28" hits="1" branch="false"/>
                                <line number="29" hits="1" branch="false"/>
                            </lines>
</method>
                        <method 
                        name="com.chrisdostert.shorturlsvcsdk/ShortUrlSvcSdk/getShortUrlWithId" signature="()V" line-rate="1.00" branch-rate="1.00">
                            <lines>
                                <line number="21" hits="1" branch="false"/>
                            </lines>
</method>
                    </methods>
                    <lines>
                        <line number="21" hits="1" branch="false"/>
                        <line number="28" hits="1" branch="false"/>
                        <line number="16" hits="1" branch="false"/>
                        <line number="29" hits="1" branch="false"/>
                    </lines>
</class>
            </classes>
        </package>
        <package name="com.chrisdostert.shorturlsvcsdk.json" line-rate="1.00" branch-rate="1.00" complexity="0">
            <classes>
                <class 
                name="JsonSupport" filename="com/chrisdostert/shorturlsvcsdk/json/JsonSupport.scala" line-rate="1.00" branch-rate="1.00" complexity="0">
                    <methods>
                        <method 
                        name="com.chrisdostert.shorturlsvcsdk.json/JsonSupport/&lt;none&gt;" signature="()V" line-rate="1.00" branch-rate="1.00">
                            <lines>
                                <line number="16" hits="1" branch="false"/>
                                <line number="19" hits="1" branch="false"/>
                                <line number="19" hits="1" branch="false"/>
                                <line number="19" hits="1" branch="false"/>
                                <line number="19" hits="1" branch="false"/>
                                <line number="19" hits="1" branch="false"/>
                            </lines>
</method>
                    </methods>
                    <lines>
                        <line number="16" hits="1" branch="false"/>
                        <line number="19" hits="1" branch="false"/>
                        <line number="19" hits="1" branch="false"/>
                        <line number="19" hits="1" branch="false"/>
                        <line number="19" hits="1" branch="false"/>
                        <line number="19" hits="1" branch="false"/>
                    </lines>
</class>
            </classes>
        </package>
        <package name="com.chrisdostert.shorturlsvcsdk.json.formats" line-rate="1.00" branch-rate="1.00" complexity="0">
            <classes>
                <class 
                name="UrlFormat" filename="com/chrisdostert/shorturlsvcsdk/json/formats/UrlFormat.scala" line-rate="1.00" branch-rate="1.00" complexity="0">
                    <methods>
                        <method 
                        name="com.chrisdostert.shorturlsvcsdk.json.formats/UrlFormat/read" signature="()V" line-rate="1.00" branch-rate="1.00">
                            <lines>
                                <line number="12" hits="1" branch="false"/>
                                <line number="12" hits="1" branch="false"/>
                                <line number="12" hits="1" branch="false"/>
                            </lines>
</method>
                        <method 
                        name="com.chrisdostert.shorturlsvcsdk.json.formats/UrlFormat/write" signature="()V" line-rate="1.00" branch-rate="1.00">
                            <lines>
                                <line number="15" hits="1" branch="false"/>
                                <line number="15" hits="1" branch="false"/>
                            </lines>
</method>
                    </methods>
                    <lines>
                        <line number="15" hits="1" branch="false"/>
                        <line number="12" hits="1" branch="false"/>
                        <line number="12" hits="1" branch="false"/>
                        <line number="12" hits="1" branch="false"/>
                        <line number="15" hits="1" branch="false"/>
                    </lines>
</class>
            </classes>
        </package>
        <package name="com.chrisdostert.shorturlsvcsdk.usecases" line-rate="0.82" branch-rate="1.00" complexity="0">
            <classes>
                <class 
                name="CreateShortUrlUc" filename="com/chrisdostert/shorturlsvcsdk/usecases/CreateShortUrlUc.scala" line-rate="0.83" branch-rate="1.00" complexity="0">
                    <methods>
                        <method 
                        name="com.chrisdostert.shorturlsvcsdk.usecases/CreateShortUrlUc/execute" signature="()V" line-rate="0.83" branch-rate="1.00">
                            <lines>
                                <line number="41" hits="0" branch="false"/>
                                <line number="37" hits="1" branch="false"/>
                                <line number="31" hits="1" branch="false"/>
                                <line number="40" hits="1" branch="false"/>
                                <line number="40" hits="1" branch="false"/>
                                <line number="31" hits="1" branch="false"/>
                                <line number="40" hits="1" branch="false"/>
                                <line number="37" hits="1" branch="false"/>
                                <line number="41" hits="0" branch="false"/>
                                <line number="40" hits="1" branch="false"/>
                                <line number="32" hits="1" branch="false"/>
                                <line number="31" hits="1" branch="false"/>
                                <line number="40" hits="1" branch="false"/>
                                <line number="31" hits="1" branch="false"/>
                                <line number="41" hits="0" branch="false"/>
                                <line number="36" hits="1" branch="false"/>
                                <line number="39" hits="1" branch="false"/>
                                <line number="38" hits="1" branch="false"/>
                            </lines>
</method>
                    </methods>
                    <lines>
                        <line number="41" hits="0" branch="false"/>
                        <line number="37" hits="1" branch="false"/>
                        <line number="31" hits="1" branch="false"/>
                        <line number="40" hits="1" branch="false"/>
                        <line number="40" hits="1" branch="false"/>
                        <line number="31" hits="1" branch="false"/>
                        <line number="40" hits="1" branch="false"/>
                        <line number="37" hits="1" branch="false"/>
                        <line number="41" hits="0" branch="false"/>
                        <line number="40" hits="1" branch="false"/>
                        <line number="32" hits="1" branch="false"/>
                        <line number="31" hits="1" branch="false"/>
                        <line number="40" hits="1" branch="false"/>
                        <line number="31" hits="1" branch="false"/>
                        <line number="41" hits="0" branch="false"/>
                        <line number="36" hits="1" branch="false"/>
                        <line number="39" hits="1" branch="false"/>
                        <line number="38" hits="1" branch="false"/>
                    </lines>
</class>
                <class 
                name="GetShortUrlWithIdUc" filename="com/chrisdostert/shorturlsvcsdk/usecases/GetShortUrlWithIdUc.scala" line-rate="0.80" branch-rate="1.00" complexity="0">
                    <methods>
                        <method 
                        name="com.chrisdostert.shorturlsvcsdk.usecases/GetShortUrlWithIdUc/execute" signature="()V" line-rate="0.80" branch-rate="1.00">
                            <lines>
                                <line number="38" hits="1" branch="false"/>
                                <line number="38" hits="1" branch="false"/>
                                <line number="30" hits="1" branch="false"/>
                                <line number="35" hits="1" branch="false"/>
                                <line number="39" hits="0" branch="false"/>
                                <line number="35" hits="1" branch="false"/>
                                <line number="39" hits="0" branch="false"/>
                                <line number="38" hits="1" branch="false"/>
                                <line number="31" hits="1" branch="false"/>
                                <line number="38" hits="1" branch="false"/>
                                <line number="38" hits="1" branch="false"/>
                                <line number="39" hits="0" branch="false"/>
                                <line number="34" hits="1" branch="false"/>
                                <line number="37" hits="1" branch="false"/>
                                <line number="36" hits="1" branch="false"/>
                            </lines>
</method>
                    </methods>
                    <lines>
                        <line number="38" hits="1" branch="false"/>
                        <line number="38" hits="1" branch="false"/>
                        <line number="30" hits="1" branch="false"/>
                        <line number="35" hits="1" branch="false"/>
                        <line number="39" hits="0" branch="false"/>
                        <line number="35" hits="1" branch="false"/>
                        <line number="39" hits="0" branch="false"/>
                        <line number="38" hits="1" branch="false"/>
                        <line number="31" hits="1" branch="false"/>
                        <line number="38" hits="1" branch="false"/>
                        <line number="38" hits="1" branch="false"/>
                        <line number="39" hits="0" branch="false"/>
                        <line number="34" hits="1" branch="false"/>
                        <line number="37" hits="1" branch="false"/>
                        <line number="36" hits="1" branch="false"/>
                    </lines>
</class>
            </classes>
        </package>
    </packages>
</coverage>
